2025-06-29 19:44:42,574 - INFO - [31m[1mWARNING: This is a development server. Do not use it in a production deployment. Use a production WSGI server instead.[0m
 * Running on all addresses (0.0.0.0)
 * Running on http://127.0.0.1:5000
 * Running on http://10.0.2.8:5000
2025-06-29 19:44:42,574 - INFO - [33mPress CTRL+C to quit[0m
2025-06-29 19:44:42,613 - INFO -  * Restarting with watchdog (windowsapi)
2025-06-29 19:44:43,797 - WARNING -  * Debugger is active!
2025-06-29 19:44:43,808 - INFO -  * Debugger PIN: 786-899-361
2025-06-29 19:45:56,682 - INFO - [31m[1mWARNING: This is a development server. Do not use it in a production deployment. Use a production WSGI server instead.[0m
 * Running on all addresses (0.0.0.0)
 * Running on http://127.0.0.1:5000
 * Running on http://10.0.2.8:5000
2025-06-29 19:45:56,682 - INFO - [33mPress CTRL+C to quit[0m
2025-06-29 19:45:56,712 - INFO -  * Restarting with watchdog (windowsapi)
2025-06-29 19:45:57,624 - WARNING -  * Debugger is active!
2025-06-29 19:45:57,628 - INFO -  * Debugger PIN: 786-899-361
2025-06-29 19:57:01,266 - INFO -  * Detected change in 'C:\\Python312\\Lib\\concurrent\\__init__.py', reloading
2025-06-29 19:57:01,273 - INFO -  * Detected change in 'C:\\Python312\\Lib\\idlelib\\__init__.py', reloading
2025-06-29 19:57:01,282 - INFO -  * Detected change in 'C:\\Python312\\Lib\\lib2to3\\__init__.py', reloading
2025-06-29 19:57:01,297 - INFO -  * Detected change in 'C:\\Python312\\Lib\\msilib\\__init__.py', reloading
2025-06-29 19:57:01,313 - INFO -  * Detected change in 'C:\\Python312\\Lib\\test\\__init__.py', reloading
2025-06-29 19:57:01,330 - INFO -  * Detected change in 'C:\\Python312\\Lib\\turtledemo\\__init__.py', reloading
2025-06-29 19:57:01,364 - INFO -  * Detected change in 'C:\\Python312\\Lib\\wsgiref\\__init__.py', reloading
2025-06-29 19:57:01,364 - INFO -  * Detected change in 'C:\\Python312\\Lib\\xmlrpc\\__init__.py', reloading
2025-06-29 19:57:01,390 - INFO -  * Detected change in 'C:\\Python312\\Lib\\__phello__\\__init__.py', reloading
2025-06-29 19:57:01,439 - INFO -  * Detected change in 'C:\\Python312\\Lib\\site-packages\\altair\\__init__.py', reloading
2025-06-29 19:57:01,574 - INFO -  * Detected change in 'C:\\Python312\\Lib\\site-packages\\altair\\vegalite\\__init__.py', reloading
2025-06-29 19:57:01,591 - INFO -  * Detected change in 'C:\\Python312\\Lib\\site-packages\\altair\\vegalite\\v5\\__init__.py', reloading
2025-06-29 19:57:01,628 - INFO -  * Detected change in 'C:\\Python312\\Lib\\site-packages\\altair\\vegalite\\v5\\api.py', reloading
2025-06-29 19:57:01,710 - INFO -  * Detected change in 'C:\\Python312\\Lib\\site-packages\\altair\\vegalite\\v5\\schema\\__init__.py', reloading
2025-06-29 19:57:01,733 - INFO -  * Detected change in 'C:\\Python312\\Lib\\site-packages\\altair\\vegalite\\v5\\schema\\channels.py', reloading
2025-06-29 19:57:01,870 - INFO -  * Detected change in 'C:\\Python312\\Lib\\site-packages\\altair\\vegalite\\v5\\schema\\_typing.py', reloading
2025-06-29 19:57:02,013 - INFO -  * Detected change in 'C:\\Python312\\Lib\\site-packages\\altair\\vegalite\\v5\\schema\\core.py', reloading
2025-06-29 19:57:02,169 - INFO -  * Detected change in 'C:\\Python312\\Lib\\site-packages\\altair\\vegalite\\v5\\display.py', reloading
2025-06-29 19:57:02,454 - INFO -  * Restarting with watchdog (windowsapi)
2025-06-29 19:57:03,980 - WARNING -  * Debugger is active!
2025-06-29 19:57:03,989 - INFO -  * Debugger PIN: 786-899-361
2025-06-29 19:57:04,073 - INFO -  * Detected change in 'C:\\Python312\\Lib\\site-packages\\flask\\helpers.py', reloading
2025-06-29 19:57:04,073 - INFO -  * Detected change in 'C:\\Python312\\Lib\\site-packages\\werkzeug\\datastructures\\__init__.py', reloading
2025-06-29 19:57:04,094 - INFO -  * Detected change in 'C:\\Python312\\Lib\\site-packages\\werkzeug\\datastructures\\structures.py', reloading
2025-06-29 19:57:04,096 - INFO -  * Detected change in 'C:\\Python312\\Lib\\site-packages\\flask\\json\\__init__.py', reloading
2025-06-29 19:57:04,123 - INFO -  * Detected change in 'C:\\Python312\\Lib\\site-packages\\flask\\logging.py', reloading
2025-06-29 19:57:04,148 - INFO -  * Detected change in 'C:\\Python312\\Lib\\site-packages\\werkzeug\\datastructures\\mixins.py', reloading
2025-06-29 19:57:04,162 - INFO -  * Detected change in 'C:\\Python312\\Lib\\site-packages\\flask\\signals.py', reloading
2025-06-29 19:57:04,192 - INFO -  * Detected change in 'C:\\Python312\\Lib\\site-packages\\flask\\templating.py', reloading
2025-06-29 19:57:04,219 - INFO -  * Detected change in 'C:\\Python312\\Lib\\site-packages\\flask\\typing.py', reloading
2025-06-29 19:57:04,223 - INFO -  * Detected change in 'C:\\Python312\\Lib\\site-packages\\flask\\testing.py', reloading
2025-06-29 19:57:04,247 - INFO -  * Detected change in 'C:\\Python312\\Lib\\site-packages\\werkzeug\\wrappers\\__init__.py', reloading
2025-06-29 19:57:04,254 - INFO -  * Detected change in 'C:\\Python312\\Lib\\site-packages\\flask\\views.py', reloading
2025-06-29 19:57:04,277 - INFO -  * Detected change in 'C:\\Python312\\Lib\\site-packages\\werkzeug\\wrappers\\response.py', reloading
2025-06-29 19:57:04,277 - INFO -  * Detected change in 'C:\\Python312\\Lib\\site-packages\\flask\\wrappers.py', reloading
2025-06-29 19:57:04,297 - INFO -  * Detected change in 'C:\\Python312\\Lib\\site-packages\\flask\\__main__.py', reloading
2025-06-29 19:57:04,323 - INFO -  * Detected change in 'C:\\Python312\\Lib\\site-packages\\flask_restful\\__init__.py', reloading
2025-06-29 19:57:04,335 - INFO -  * Detected change in 'C:\\Python312\\Lib\\site-packages\\werkzeug\\sansio\\response.py', reloading
2025-06-29 19:57:04,360 - INFO -  * Detected change in 'C:\\Python312\\Lib\\site-packages\\flask_sqlalchemy\\__init__.py', reloading
2025-06-29 19:57:04,381 - INFO -  * Detected change in 'C:\\Python312\\Lib\\site-packages\\flask_sqlalchemy\\extension.py', reloading
2025-06-29 19:57:04,388 - INFO -  * Detected change in 'C:\\Python312\\Lib\\site-packages\\werkzeug\\datastructures\\headers.py', reloading
2025-06-29 19:57:04,414 - INFO -  * Detected change in 'C:\\Python312\\Lib\\site-packages\\fontTools\\__init__.py', reloading
2025-06-29 19:57:04,455 - INFO -  * Detected change in 'C:\\Python312\\Lib\\site-packages\\fontTools\\misc\\loggingTools.py', reloading
2025-06-29 19:57:04,490 - INFO -  * Detected change in 'C:\\Python312\\Lib\\site-packages\\git\\__init__.py', reloading
2025-06-29 19:57:04,562 - INFO -  * Detected change in 'C:\\Python312\\Lib\\site-packages\\gitdb\\util.py', reloading
2025-06-29 19:57:04,590 - INFO -  * Detected change in 'C:\\Python312\\Lib\\site-packages\\git\\exc.py', reloading
2025-06-29 19:57:04,623 - INFO -  * Detected change in 'C:\\Python312\\Lib\\site-packages\\gitdb\\exc.py', reloading
2025-06-29 19:57:04,667 - INFO -  * Detected change in 'C:\\Python312\\Lib\\site-packages\\git\\types.py', reloading
2025-06-29 19:57:04,706 - INFO -  * Detected change in 'C:\\Python312\\Lib\\site-packages\\git\\compat.py', reloading
2025-06-29 19:57:04,772 - INFO -  * Detected change in 'C:\\Python312\\Lib\\site-packages\\git\\config.py', reloading
2025-06-29 19:57:04,807 - INFO -  * Detected change in 'C:\\Python312\\Lib\\site-packages\\git\\objects\\__init__.py', reloading
2025-06-29 19:57:04,846 - INFO -  * Detected change in 'C:\\Python312\\Lib\\site-packages\\git\\objects\\blob.py', reloading
2025-06-29 19:57:04,890 - INFO -  * Detected change in 'C:\\Python312\\Lib\\site-packages\\git\\objects\\commit.py', reloading
2025-06-29 19:57:04,947 - INFO -  * Detected change in 'C:\\Python312\\Lib\\site-packages\\git\\objects\\base.py', reloading
2025-06-29 19:57:04,971 - INFO -  * Detected change in 'C:\\Python312\\Lib\\site-packages\\git\\objects\\submodule\\__init__.py', reloading
2025-06-29 19:57:04,996 - INFO -  * Detected change in 'C:\\Python312\\Lib\\site-packages\\git\\objects\\submodule\\root.py', reloading
2025-06-29 19:57:05,048 - INFO -  * Detected change in 'C:\\Python312\\Lib\\site-packages\\git\\objects\\submodule\\base.py', reloading
2025-06-29 19:57:05,163 - INFO -  * Restarting with watchdog (windowsapi)
2025-06-29 19:57:06,212 - WARNING -  * Debugger is active!
2025-06-29 19:57:06,221 - INFO -  * Debugger PIN: 786-899-361
2025-06-29 19:57:06,305 - INFO -  * Detected change in 'C:\\Python312\\Lib\\site-packages\\itsdangerous\\timed.py', reloading
2025-06-29 19:57:06,330 - INFO -  * Detected change in 'C:\\Python312\\Lib\\site-packages\\itsdangerous\\url_safe.py', reloading
2025-06-29 19:57:06,358 - INFO -  * Detected change in 'C:\\Python312\\Lib\\site-packages\\jinja2\\__init__.py', reloading
2025-06-29 19:57:06,404 - INFO -  * Detected change in 'C:\\Python312\\Lib\\site-packages\\jinja2\\bccache.py', reloading
2025-06-29 19:57:06,445 - INFO -  * Detected change in 'C:\\Python312\\Lib\\site-packages\\jinja2\\environment.py', reloading
2025-06-29 19:57:06,483 - INFO -  * Detected change in 'C:\\Python312\\Lib\\site-packages\\jinja2\\exceptions.py', reloading
2025-06-29 19:57:06,513 - INFO -  * Detected change in 'C:\\Python312\\Lib\\site-packages\\jinja2\\loaders.py', reloading
2025-06-29 19:57:06,546 - INFO -  * Detected change in 'C:\\Python312\\Lib\\site-packages\\jinja2\\runtime.py', reloading
2025-06-29 19:57:06,587 - INFO -  * Detected change in 'C:\\Python312\\Lib\\site-packages\\jinja2\\utils.py', reloading
2025-06-29 19:57:06,612 - INFO -  * Detected change in 'C:\\Python312\\Lib\\site-packages\\jsonschema_specifications\\__init__.py', reloading
2025-06-29 19:57:06,641 - INFO -  * Detected change in 'C:\\Python312\\Lib\\site-packages\\kiwisolver\\__init__.py', reloading
2025-06-29 19:57:06,694 - INFO -  * Detected change in 'C:\\Python312\\Lib\\site-packages\\kiwisolver\\exceptions.py', reloading
2025-06-29 19:57:06,719 - INFO -  * Detected change in 'C:\\Python312\\Lib\\site-packages\\markupsafe\\__init__.py', reloading
2025-06-29 19:57:06,748 - INFO -  * Detected change in 'C:\\Python312\\Lib\\site-packages\\mistune\\__init__.py', reloading
2025-06-29 19:57:06,781 - INFO -  * Detected change in 'C:\\Python312\\Lib\\site-packages\\mistune\\block_parser.py', reloading
2025-06-29 19:57:06,814 - INFO -  * Detected change in 'C:\\Python312\\Lib\\site-packages\\mistune\\core.py', reloading
2025-06-29 19:57:06,854 - INFO -  * Detected change in 'C:\\Python312\\Lib\\site-packages\\mistune\\inline_parser.py', reloading
2025-06-29 19:57:06,882 - INFO -  * Detected change in 'C:\\Python312\\Lib\\site-packages\\mistune\\markdown.py', reloading
2025-06-29 19:57:06,921 - INFO -  * Detected change in 'C:\\Python312\\Lib\\site-packages\\mistune\\renderers\\html.py', reloading
2025-06-29 19:57:06,947 - INFO -  * Detected change in 'C:\\Python312\\Lib\\site-packages\\mistune\\util.py', reloading
2025-06-29 19:57:06,979 - INFO -  * Detected change in 'C:\\Python312\\Lib\\site-packages\\narwhals\\__init__.py', reloading
2025-06-29 19:57:07,027 - INFO -  * Detected change in 'C:\\Python312\\Lib\\site-packages\\narwhals\\dataframe.py', reloading
2025-06-29 19:57:07,064 - INFO -  * Detected change in 'C:\\Python312\\Lib\\site-packages\\narwhals\\dtypes.py', reloading
2025-06-29 19:57:07,100 - INFO -  * Detected change in 'C:\\Python312\\Lib\\site-packages\\narwhals\\expr.py', reloading
2025-06-29 19:57:07,147 - INFO -  * Detected change in 'C:\\Python312\\Lib\\site-packages\\narwhals\\functions.py', reloading
2025-06-29 19:57:07,170 - INFO -  * Detected change in 'C:\\Python312\\Lib\\site-packages\\narwhals\\schema.py', reloading
2025-06-29 19:57:07,199 - INFO -  * Detected change in 'C:\\Python312\\Lib\\site-packages\\narwhals\\series.py', reloading
2025-06-29 19:57:07,231 - INFO -  * Detected change in 'C:\\Python312\\Lib\\site-packages\\narwhals\\translate.py', reloading
2025-06-29 19:57:07,347 - INFO -  * Restarting with watchdog (windowsapi)
2025-06-29 19:57:08,231 - WARNING -  * Debugger is active!
2025-06-29 19:57:08,247 - INFO -  * Debugger PIN: 786-899-361
2025-06-29 19:57:08,346 - INFO -  * Detected change in 'C:\\Python312\\Lib\\site-packages\\pkg_resources\\__init__.py', reloading
2025-06-29 19:57:08,399 - INFO -  * Detected change in 'C:\\Python312\\Lib\\site-packages\\pluggy\\__init__.py', reloading
2025-06-29 19:57:08,420 - INFO -  * Detected change in 'C:\\Python312\\Lib\\site-packages\\pluggy\\_version.py', reloading
2025-06-29 19:57:08,452 - INFO -  * Detected change in 'C:\\Python312\\Lib\\site-packages\\pluggy\\_hooks.py', reloading
2025-06-29 19:57:08,468 - INFO -  * Detected change in 'C:\\Python312\\Lib\\site-packages\\pluggy\\_manager.py', reloading
2025-06-29 19:57:08,503 - INFO -  * Detected change in 'C:\\Python312\\Lib\\site-packages\\pluggy\\_result.py', reloading
2025-06-29 19:57:08,524 - INFO -  * Detected change in 'C:\\Python312\\Lib\\site-packages\\pluggy\\_warnings.py', reloading
2025-06-29 19:57:08,547 - INFO -  * Detected change in 'C:\\Python312\\Lib\\site-packages\\pyarrow\\__init__.py', reloading
2025-06-29 19:57:08,572 - INFO -  * Detected change in 'C:\\Python312\\Lib\\site-packages\\pydeck\\__init__.py', reloading
2025-06-29 19:57:08,596 - INFO -  * Detected change in 'C:\\Python312\\Lib\\site-packages\\pyparsing\\__init__.py', reloading
2025-06-29 19:57:08,625 - INFO -  * Detected change in 'C:\\Python312\\Lib\\site-packages\\pyparsing\\util.py', reloading
2025-06-29 19:57:08,657 - INFO -  * Detected change in 'C:\\Python312\\Lib\\site-packages\\pyparsing\\exceptions.py', reloading
2025-06-29 19:57:08,698 - INFO -  * Detected change in 'C:\\Python312\\Lib\\site-packages\\pyparsing\\actions.py', reloading
2025-06-29 19:57:08,728 - INFO -  * Detected change in 'C:\\Python312\\Lib\\site-packages\\pyparsing\\results.py', reloading
2025-06-29 19:57:08,736 - INFO -  * Detected change in 'C:\\Python312\\Lib\\site-packages\\pyparsing\\core.py', reloading
2025-06-29 19:57:08,803 - INFO -  * Detected change in 'C:\\Python312\\Lib\\site-packages\\pyparsing\\helpers.py', reloading
2025-06-29 19:57:08,830 - INFO -  * Detected change in 'C:\\Python312\\Lib\\site-packages\\pyparsing\\unicode.py', reloading
2025-06-29 19:57:08,925 - INFO -  * Detected change in 'C:\\Python312\\Lib\\site-packages\\pytest\\__init__.py', reloading
2025-06-29 19:57:08,965 - INFO -  * Detected change in 'C:\\Python312\\Lib\\site-packages\\_pytest\\__init__.py', reloading
2025-06-29 19:57:08,989 - INFO -  * Detected change in 'C:\\Python312\\Lib\\site-packages\\_pytest\\_version.py', reloading
2025-06-29 19:57:09,005 - INFO -  * Detected change in 'C:\\Python312\\Lib\\site-packages\\_pytest\\_code\\__init__.py', reloading
2025-06-29 19:57:09,060 - INFO -  * Detected change in 'C:\\Python312\\Lib\\site-packages\\_pytest\\_code\\code.py', reloading
2025-06-29 19:57:09,100 - INFO -  * Detected change in 'C:\\Python312\\Lib\\site-packages\\_pytest\\assertion\\__init__.py', reloading
2025-06-29 19:57:09,133 - INFO -  * Detected change in 'C:\\Python312\\Lib\\site-packages\\_pytest\\cacheprovider.py', reloading
2025-06-29 19:57:09,175 - INFO -  * Detected change in 'C:\\Python312\\Lib\\site-packages\\_pytest\\capture.py', reloading
2025-06-29 19:57:09,216 - INFO -  * Detected change in 'C:\\Python312\\Lib\\site-packages\\_pytest\\config\\__init__.py', reloading
2025-06-29 19:57:09,245 - INFO -  * Detected change in 'C:\\Python312\\Lib\\site-packages\\_pytest\\config\\exceptions.py', reloading
2025-06-29 19:57:09,263 - INFO -  * Detected change in 'C:\\Python312\\Lib\\site-packages\\_pytest\\config\\argparsing.py', reloading
2025-06-29 19:57:09,408 - INFO -  * Restarting with watchdog (windowsapi)
2025-06-29 19:57:10,530 - WARNING -  * Debugger is active!
2025-06-29 19:57:10,536 - INFO -  * Debugger PIN: 786-899-361
2025-06-29 19:57:10,665 - INFO -  * Detected change in 'C:\\Python312\\Lib\\site-packages\\sqlalchemy\\engine\\base.py', reloading
2025-06-29 19:57:10,713 - INFO -  * Detected change in 'C:\\Python312\\Lib\\site-packages\\sqlalchemy\\engine\\create.py', reloading
2025-06-29 19:57:10,744 - INFO -  * Detected change in 'C:\\Python312\\Lib\\site-packages\\sqlalchemy\\engine\\mock.py', reloading
2025-06-29 19:57:10,796 - INFO -  * Detected change in 'C:\\Python312\\Lib\\site-packages\\sqlalchemy\\engine\\cursor.py', reloading
2025-06-29 19:57:10,863 - INFO -  * Detected change in 'C:\\Python312\\Lib\\site-packages\\sqlalchemy\\engine\\reflection.py', reloading
2025-06-29 19:57:10,903 - INFO -  * Detected change in 'C:\\Python312\\Lib\\site-packages\\sqlalchemy\\engine\\url.py', reloading
2025-06-29 19:57:10,921 - INFO -  * Detected change in 'C:\\Python312\\Lib\\site-packages\\sqlalchemy\\inspection.py', reloading
2025-06-29 19:57:10,958 - INFO -  * Detected change in 'C:\\Python312\\Lib\\site-packages\\sqlalchemy\\pool\\__init__.py', reloading
2025-06-29 19:57:10,983 - INFO -  * Detected change in 'C:\\Python312\\Lib\\site-packages\\sqlalchemy\\pool\\impl.py', reloading
2025-06-29 19:57:11,030 - INFO -  * Detected change in 'C:\\Python312\\Lib\\site-packages\\sqlalchemy\\pool\\base.py', reloading
2025-06-29 19:57:11,066 - INFO -  * Detected change in 'C:\\Python312\\Lib\\site-packages\\sqlalchemy\\schema.py', reloading
2025-06-29 19:57:11,107 - INFO -  * Detected change in 'C:\\Python312\\Lib\\site-packages\\sqlalchemy\\sql\\ddl.py', reloading
2025-06-29 19:57:11,169 - INFO -  * Detected change in 'C:\\Python312\\Lib\\site-packages\\sqlalchemy\\sql\\schema.py', reloading
2025-06-29 19:57:11,216 - INFO -  * Detected change in 'C:\\Python312\\Lib\\site-packages\\sqlalchemy\\sql\\__init__.py', reloading
2025-06-29 19:57:11,252 - INFO -  * Detected change in 'C:\\Python312\\Lib\\site-packages\\sqlalchemy\\sql\\_typing.py', reloading
2025-06-29 19:57:11,284 - INFO -  * Detected change in 'C:\\Python312\\Lib\\site-packages\\sqlalchemy\\sql\\expression.py', reloading
2025-06-29 19:57:11,385 - INFO -  * Detected change in 'C:\\Python312\\Lib\\site-packages\\sqlalchemy\\sql\\selectable.py', reloading
2025-06-29 19:57:11,466 - INFO -  * Detected change in 'C:\\Python312\\Lib\\site-packages\\sqlalchemy\\sql\\_selectable_constructors.py', reloading
2025-06-29 19:57:11,505 - INFO -  * Detected change in 'C:\\Python312\\Lib\\site-packages\\sqlalchemy\\sql\\_elements_constructors.py', reloading
2025-06-29 19:57:11,588 - INFO -  * Detected change in 'C:\\Python312\\Lib\\site-packages\\sqlalchemy\\sql\\elements.py', reloading
2025-06-29 19:57:11,777 - INFO -  * Restarting with watchdog (windowsapi)
2025-06-29 19:57:12,761 - WARNING -  * Debugger is active!
2025-06-29 19:57:12,769 - INFO -  * Debugger PIN: 786-899-361
2025-06-29 19:57:12,875 - INFO -  * Detected change in 'C:\\Python312\\Lib\\site-packages\\tenacity\\after.py', reloading
2025-06-29 19:57:12,908 - INFO -  * Detected change in 'C:\\Python312\\Lib\\site-packages\\tenacity\\before_sleep.py', reloading
2025-06-29 19:57:12,943 - INFO -  * Detected change in 'C:\\Python312\\Lib\\site-packages\\tenacity\\asyncio\\__init__.py', reloading
2025-06-29 19:57:13,016 - INFO -  * Detected change in 'C:\\Python312\\Lib\\site-packages\\tzdata\\__init__.py', reloading
2025-06-29 19:57:13,048 - INFO -  * Detected change in 'C:\\Python312\\Lib\\site-packages\\urllib3\\__init__.py', reloading
2025-06-29 19:57:13,111 - INFO -  * Detected change in 'C:\\Python312\\Lib\\site-packages\\urllib3\\_collections.py', reloading
2025-06-29 19:57:13,158 - INFO -  * Detected change in 'C:\\Python312\\Lib\\site-packages\\urllib3\\connectionpool.py', reloading
2025-06-29 19:57:13,190 - INFO -  * Detected change in 'C:\\Python312\\Lib\\site-packages\\urllib3\\filepost.py', reloading
2025-06-29 19:57:13,248 - INFO -  * Detected change in 'C:\\Python312\\Lib\\site-packages\\urllib3\\poolmanager.py', reloading
2025-06-29 19:57:13,292 - INFO -  * Detected change in 'C:\\Python312\\Lib\\site-packages\\urllib3\\response.py', reloading
2025-06-29 19:57:13,334 - INFO -  * Detected change in 'C:\\Python312\\Lib\\site-packages\\urllib3\\util\\request.py', reloading
2025-06-29 19:57:13,368 - INFO -  * Detected change in 'C:\\Python312\\Lib\\site-packages\\urllib3\\util\\retry.py', reloading
2025-06-29 19:57:13,408 - INFO -  * Detected change in 'C:\\Python312\\Lib\\site-packages\\urllib3\\util\\timeout.py', reloading
2025-06-29 19:57:13,432 - INFO -  * Detected change in 'C:\\Python312\\Lib\\site-packages\\werkzeug\\__init__.py', reloading
2025-06-29 19:57:13,464 - INFO -  * Detected change in 'C:\\Python312\\Lib\\site-packages\\werkzeug\\serving.py', reloading
2025-06-29 19:57:13,512 - INFO -  * Detected change in 'C:\\Python312\\Lib\\site-packages\\werkzeug\\test.py', reloading
2025-06-29 19:57:13,572 - INFO -  * Detected change in 'C:\\Python312\\Lib\\site-packages\\werkzeug\\wrappers\\request.py', reloading
2025-06-29 19:57:13,951 - INFO -  * Restarting with watchdog (windowsapi)
2025-06-29 19:57:14,886 - WARNING -  * Debugger is active!
2025-06-29 19:57:14,893 - INFO -  * Debugger PIN: 786-899-361
2025-06-29 20:15:22,451 - INFO -  * Detected change in 'C:\\Users\\thiag\\OneDrive\\Documentos\\Lumína\\APP\\routes\\professor.py', reloading
2025-06-29 20:15:22,455 - INFO -  * Detected change in 'C:\\Users\\thiag\\OneDrive\\Documentos\\Lumína\\APP\\routes\\professor.py', reloading
2025-06-29 20:15:22,765 - INFO -  * Restarting with watchdog (windowsapi)
2025-06-29 20:15:23,985 - WARNING -  * Debugger is active!
2025-06-29 20:15:24,000 - INFO -  * Debugger PIN: 786-899-361
2025-06-29 20:15:24,190 - INFO -  * Detected change in 'C:\\Users\\thiag\\OneDrive\\Documentos\\Lumína\\APP\\routes\\professor.py', reloading
2025-06-29 20:15:25,229 - INFO -  * Restarting with watchdog (windowsapi)
2025-06-29 20:15:26,480 - WARNING -  * Debugger is active!
2025-06-29 20:15:26,484 - INFO -  * Debugger PIN: 786-899-361
2025-06-29 20:15:37,120 - INFO -  * Detected change in 'C:\\Users\\thiag\\OneDrive\\Documentos\\Lumína\\APP\\routes\\aluno.py', reloading
2025-06-29 20:15:37,120 - INFO -  * Detected change in 'C:\\Users\\thiag\\OneDrive\\Documentos\\Lumína\\APP\\routes\\aluno.py', reloading
2025-06-29 20:15:37,747 - INFO -  * Restarting with watchdog (windowsapi)
2025-06-29 20:15:39,121 - WARNING -  * Debugger is active!
2025-06-29 20:15:39,129 - INFO -  * Debugger PIN: 786-899-361
2025-06-29 20:16:32,263 - INFO -  * Detected change in 'C:\\Users\\thiag\\OneDrive\\Documentos\\Lumína\\APP\\routes\\aluno.py', reloading
2025-06-29 20:16:32,533 - INFO -  * Restarting with watchdog (windowsapi)
2025-06-29 20:16:33,562 - WARNING -  * Debugger is active!
2025-06-29 20:16:33,571 - INFO -  * Debugger PIN: 786-899-361
2025-06-29 20:56:00,901 - INFO -  * Detected change in 'C:\\Users\\thiag\\OneDrive\\Documentos\\Lumína\\APP\\app.py', reloading
2025-06-29 20:56:00,933 - INFO -  * Detected change in 'C:\\Users\\thiag\\OneDrive\\Documentos\\Lumína\\APP\\db.py', reloading
2025-06-29 20:56:00,934 - INFO -  * Detected change in 'C:\\Users\\thiag\\OneDrive\\Documentos\\Lumína\\APP\\log_config.py', reloading
2025-06-29 20:56:00,968 - INFO -  * Detected change in 'C:\\Users\\thiag\\OneDrive\\Documentos\\Lumína\\APP\\routes\\atividade_aluno.py', reloading
2025-06-29 20:56:01,006 - INFO -  * Detected change in 'C:\\Users\\thiag\\OneDrive\\Documentos\\Lumína\\APP\\routes\\atividade.py', reloading
2025-06-29 20:56:01,041 - INFO -  * Detected change in 'C:\\Users\\thiag\\OneDrive\\Documentos\\Lumína\\APP\\routes\\pagamento.py', reloading
2025-06-29 20:56:01,075 - INFO -  * Detected change in 'C:\\Users\\thiag\\OneDrive\\Documentos\\Lumína\\APP\\routes\\presenca.py', reloading
2025-06-29 20:56:01,130 - INFO -  * Detected change in 'C:\\Users\\thiag\\OneDrive\\Documentos\\Lumína\\APP\\routes\\turma.py', reloading
2025-06-29 20:56:01,148 - INFO -  * Detected change in 'C:\\Users\\thiag\\OneDrive\\Documentos\\Lumína\\APP\\routes\\usuario.py', reloading
2025-06-29 20:56:01,173 - INFO -  * Detected change in 'C:\\Users\\thiag\\OneDrive\\Documentos\\Lumína\\APP\\test_app.py', reloading
2025-06-29 20:56:02,691 - INFO -  * Restarting with watchdog (windowsapi)
2025-06-29 21:25:39,869 - WARNING -  * Debugger is active!
2025-06-29 21:25:39,877 - INFO -  * Debugger PIN: 786-899-361
2025-06-29 21:26:00,657 - INFO -  * Detected change in 'C:\\Users\\thiag\\OneDrive\\Documentos\\Lumína\\APP\\routes\\aluno.py', reloading
2025-06-29 21:26:00,760 - INFO -  * Detected change in 'C:\\Users\\thiag\\OneDrive\\Documentos\\Lumína\\APP\\routes\\professor.py', reloading
2025-06-29 21:26:01,431 - INFO -  * Restarting with watchdog (windowsapi)
2025-06-29 21:26:02,537 - WARNING -  * Debugger is active!
2025-06-29 21:26:02,537 - INFO -  * Debugger PIN: 786-899-361
2025-06-29 21:36:22,064 - INFO -  * Detected change in 'C:\\Users\\thiag\\OneDrive\\Documentos\\Lumína\\APP\\routes\\turma.py', reloading
2025-06-29 21:36:22,078 - INFO -  * Detected change in 'C:\\Users\\thiag\\OneDrive\\Documentos\\Lumína\\APP\\routes\\turma.py', reloading
2025-06-29 21:36:23,242 - INFO -  * Restarting with watchdog (windowsapi)
2025-06-29 21:36:25,039 - WARNING -  * Debugger is active!
2025-06-29 21:36:25,056 - INFO -  * Debugger PIN: 786-899-361
2025-06-29 21:36:37,804 - INFO -  * Detected change in 'C:\\Users\\thiag\\OneDrive\\Documentos\\Lumína\\APP\\routes\\pagamento.py', reloading
2025-06-29 21:36:37,804 - INFO -  * Detected change in 'C:\\Users\\thiag\\OneDrive\\Documentos\\Lumína\\APP\\routes\\pagamento.py', reloading
2025-06-29 21:36:38,431 - INFO -  * Restarting with watchdog (windowsapi)
2025-06-29 21:36:39,658 - WARNING -  * Debugger is active!
2025-06-29 21:36:39,666 - INFO -  * Debugger PIN: 786-899-361
2025-06-29 21:37:18,978 - INFO -  * Detected change in 'C:\\Users\\thiag\\OneDrive\\Documentos\\Lumína\\APP\\routes\\presenca.py', reloading
2025-06-29 21:37:18,981 - INFO -  * Detected change in 'C:\\Users\\thiag\\OneDrive\\Documentos\\Lumína\\APP\\routes\\presenca.py', reloading
2025-06-29 21:37:18,981 - INFO -  * Detected change in 'C:\\Users\\thiag\\OneDrive\\Documentos\\Lumína\\APP\\routes\\presenca.py', reloading
2025-06-29 21:37:19,260 - INFO -  * Restarting with watchdog (windowsapi)
2025-06-29 21:37:20,476 - WARNING -  * Debugger is active!
2025-06-29 21:37:20,484 - INFO -  * Debugger PIN: 786-899-361
2025-06-29 21:37:50,732 - INFO -  * Detected change in 'C:\\Users\\thiag\\OneDrive\\Documentos\\Lumína\\APP\\routes\\pagamento.py', reloading
2025-06-29 21:37:51,000 - INFO -  * Restarting with watchdog (windowsapi)
2025-06-29 21:37:52,132 - WARNING -  * Debugger is active!
2025-06-29 21:37:52,132 - INFO -  * Debugger PIN: 786-899-361
2025-06-29 21:38:27,554 - INFO -  * Detected change in 'C:\\Users\\thiag\\OneDrive\\Documentos\\Lumína\\APP\\routes\\presenca.py', reloading
2025-06-29 21:38:28,590 - INFO -  * Restarting with watchdog (windowsapi)
2025-06-29 21:38:30,086 - WARNING -  * Debugger is active!
2025-06-29 21:38:30,096 - INFO -  * Debugger PIN: 786-899-361
2025-06-29 21:38:35,206 - INFO -  * Detected change in 'C:\\Users\\thiag\\OneDrive\\Documentos\\Lumína\\APP\\routes\\atividade.py', reloading
2025-06-29 21:38:35,217 - INFO -  * Detected change in 'C:\\Users\\thiag\\OneDrive\\Documentos\\Lumína\\APP\\routes\\atividade.py', reloading
2025-06-29 21:38:35,345 - INFO -  * Restarting with watchdog (windowsapi)
2025-06-29 21:38:36,794 - WARNING -  * Debugger is active!
2025-06-29 21:38:36,798 - INFO -  * Debugger PIN: 786-899-361
2025-06-29 21:39:02,710 - INFO -  * Detected change in 'C:\\Users\\thiag\\OneDrive\\Documentos\\Lumína\\APP\\routes\\atividade.py', reloading
2025-06-29 21:39:03,189 - INFO -  * Restarting with watchdog (windowsapi)
2025-06-29 21:39:04,644 - WARNING -  * Debugger is active!
2025-06-29 21:39:04,660 - INFO -  * Debugger PIN: 786-899-361
2025-06-29 21:39:26,168 - INFO -  * Detected change in 'C:\\Users\\thiag\\OneDrive\\Documentos\\Lumína\\APP\\routes\\atividade_aluno.py', reloading
2025-06-29 21:39:26,169 - INFO -  * Detected change in 'C:\\Users\\thiag\\OneDrive\\Documentos\\Lumína\\APP\\routes\\atividade_aluno.py', reloading
2025-06-29 21:39:26,172 - INFO -  * Detected change in 'C:\\Users\\thiag\\OneDrive\\Documentos\\Lumína\\APP\\routes\\atividade_aluno.py', reloading
2025-06-29 21:39:27,122 - INFO -  * Restarting with watchdog (windowsapi)
2025-06-29 21:39:28,408 - WARNING -  * Debugger is active!
2025-06-29 21:39:28,420 - INFO -  * Debugger PIN: 786-899-361
2025-06-29 21:39:58,379 - INFO -  * Detected change in 'C:\\Users\\thiag\\OneDrive\\Documentos\\Lumína\\APP\\routes\\usuario.py', reloading
2025-06-29 21:39:58,382 - INFO -  * Detected change in 'C:\\Users\\thiag\\OneDrive\\Documentos\\Lumína\\APP\\routes\\usuario.py', reloading
2025-06-29 21:39:58,982 - INFO -  * Restarting with watchdog (windowsapi)
2025-06-29 21:40:00,258 - WARNING -  * Debugger is active!
2025-06-29 21:40:00,266 - INFO -  * Debugger PIN: 786-899-361
2025-06-29 21:40:30,101 - INFO -  * Detected change in 'C:\\Users\\thiag\\OneDrive\\Documentos\\Lumína\\APP\\routes\\atividade.py', reloading
2025-06-29 21:40:30,904 - INFO -  * Restarting with watchdog (windowsapi)
2025-06-29 21:40:32,196 - WARNING -  * Debugger is active!
2025-06-29 21:40:32,202 - INFO -  * Debugger PIN: 786-899-361
2025-06-29 21:40:50,325 - INFO -  * Detected change in 'C:\\Users\\thiag\\OneDrive\\Documentos\\Lumína\\APP\\routes\\atividade_aluno.py', reloading
2025-06-29 21:40:50,550 - INFO -  * Restarting with watchdog (windowsapi)
2025-06-29 21:40:51,572 - WARNING -  * Debugger is active!
2025-06-29 21:40:51,576 - INFO -  * Debugger PIN: 786-899-361
2025-06-29 21:41:00,108 - INFO -  * Detected change in 'C:\\Users\\thiag\\OneDrive\\Documentos\\Lumína\\APP\\routes\\atividade_aluno.py', reloading
2025-06-29 21:41:00,820 - INFO -  * Restarting with watchdog (windowsapi)
2025-06-29 21:41:02,082 - WARNING -  * Debugger is active!
2025-06-29 21:41:02,089 - INFO -  * Debugger PIN: 786-899-361
2025-06-29 22:25:41,396 - INFO - [31m[1mWARNING: This is a development server. Do not use it in a production deployment. Use a production WSGI server instead.[0m
 * Running on all addresses (0.0.0.0)
 * Running on http://127.0.0.1:5000
 * Running on http://10.0.2.8:5000
2025-06-29 22:25:41,397 - INFO - [33mPress CTRL+C to quit[0m
2025-06-29 22:25:41,419 - INFO -  * Restarting with watchdog (windowsapi)
2025-06-29 22:25:41,886 - WARNING -  * Debugger is active!
2025-06-29 22:25:41,897 - INFO -  * Debugger PIN: 131-989-767
2025-06-29 22:26:23,231 - INFO -  * Detected change in 'C:\\Users\\thiag\\OneDrive\\Documentos\\Lumína\\app\\routes\\aluno.py', reloading
2025-06-29 22:26:23,294 - INFO -  * Detected change in 'C:\\Users\\thiag\\OneDrive\\Documentos\\Lumína\\app\\routes\\professor.py', reloading
2025-06-29 22:26:24,118 - INFO -  * Restarting with watchdog (windowsapi)
2025-06-29 22:26:24,636 - WARNING -  * Debugger is active!
2025-06-29 22:26:24,640 - INFO -  * Debugger PIN: 131-989-767
2025-06-29 22:51:08,778 - INFO -  * Detected change in 'C:\\Users\\thiag\\OneDrive\\Documentos\\Lumína\\app\\routes\\atividade_aluno.py', reloading
2025-06-29 22:51:08,784 - INFO -  * Detected change in 'C:\\Users\\thiag\\OneDrive\\Documentos\\Lumína\\app\\routes\\atividade.py', reloading
2025-06-29 22:51:08,815 - INFO -  * Detected change in 'C:\\Users\\thiag\\OneDrive\\Documentos\\Lumína\\app\\routes\\pagamento.py', reloading
2025-06-29 22:51:08,850 - INFO -  * Detected change in 'C:\\Users\\thiag\\OneDrive\\Documentos\\Lumína\\app\\routes\\presenca.py', reloading
2025-06-29 22:51:08,916 - INFO -  * Detected change in 'C:\\Users\\thiag\\OneDrive\\Documentos\\Lumína\\app\\routes\\turma.py', reloading
2025-06-29 22:51:08,947 - INFO -  * Detected change in 'C:\\Users\\thiag\\OneDrive\\Documentos\\Lumína\\app\\routes\\usuario.py', reloading
2025-06-29 22:51:09,480 - INFO -  * Restarting with watchdog (windowsapi)
2025-06-29 22:51:11,152 - WARNING -  * Debugger is active!
2025-06-29 22:51:11,158 - INFO -  * Debugger PIN: 131-989-767
2025-06-29 23:02:59,552 - INFO -  * Detected change in 'C:\\Users\\thiag\\OneDrive\\Documentos\\Lumína\\app\\routes\\professor.py', reloading
2025-06-29 23:02:59,554 - INFO -  * Detected change in 'C:\\Users\\thiag\\OneDrive\\Documentos\\Lumína\\app\\routes\\professor.py', reloading
2025-06-29 23:03:00,159 - INFO -  * Restarting with watchdog (windowsapi)
2025-06-29 23:03:01,181 - WARNING -  * Debugger is active!
2025-06-29 23:03:01,364 - INFO -  * Debugger PIN: 131-989-767
2025-06-30 01:43:26,542 - INFO -  * Detected change in 'C:\\Users\\thiag\\OneDrive\\Documentos\\Lumína\\app\\app.py', reloading
2025-06-30 01:43:26,638 - INFO -  * Detected change in 'C:\\Users\\thiag\\OneDrive\\Documentos\\Lumína\\app\\db.py', reloading
2025-06-30 01:43:26,676 - INFO -  * Detected change in 'C:\\Users\\thiag\\OneDrive\\Documentos\\Lumína\\app\\log_config.py', reloading
2025-06-30 01:43:26,710 - INFO -  * Detected change in 'C:\\Users\\thiag\\OneDrive\\Documentos\\Lumína\\app\\routes\\aluno.py', reloading
2025-06-30 01:43:26,859 - INFO -  * Detected change in 'C:\\Users\\thiag\\OneDrive\\Documentos\\Lumína\\app\\routes\\atividade_aluno.py', reloading
2025-06-30 01:43:26,923 - INFO -  * Detected change in 'C:\\Users\\thiag\\OneDrive\\Documentos\\Lumína\\app\\routes\\atividade.py', reloading
2025-06-30 01:43:27,007 - INFO -  * Detected change in 'C:\\Users\\thiag\\OneDrive\\Documentos\\Lumína\\app\\routes\\pagamento.py', reloading
2025-06-30 01:43:27,445 - INFO -  * Restarting with watchdog (windowsapi)
2025-06-30 02:11:44,572 - WARNING -  * Debugger is active!
2025-06-30 02:11:44,593 - INFO -  * Debugger PIN: 131-989-767
2025-06-30 04:43:27,382 - INFO -  * Detected change in 'C:\\Users\\thiag\\OneDrive\\Documentos\\Lumína\\app\\app.py', reloading
2025-06-30 04:43:27,404 - INFO -  * Detected change in 'C:\\Users\\thiag\\OneDrive\\Documentos\\Lumína\\app\\db.py', reloading
2025-06-30 04:43:27,428 - INFO -  * Detected change in 'C:\\Users\\thiag\\OneDrive\\Documentos\\Lumína\\app\\log_config.py', reloading
2025-06-30 04:43:27,429 - INFO -  * Detected change in 'C:\\Users\\thiag\\OneDrive\\Documentos\\Lumína\\app\\routes\\aluno.py', reloading
2025-06-30 04:43:27,460 - INFO -  * Detected change in 'C:\\Users\\thiag\\OneDrive\\Documentos\\Lumína\\app\\routes\\atividade_aluno.py', reloading
2025-06-30 04:43:27,506 - INFO -  * Detected change in 'C:\\Users\\thiag\\OneDrive\\Documentos\\Lumína\\app\\routes\\atividade.py', reloading
2025-06-30 04:43:27,555 - INFO -  * Detected change in 'C:\\Users\\thiag\\OneDrive\\Documentos\\Lumína\\app\\routes\\pagamento.py', reloading
2025-06-30 04:43:27,599 - INFO -  * Detected change in 'C:\\Users\\thiag\\OneDrive\\Documentos\\Lumína\\app\\routes\\presenca.py', reloading
2025-06-30 04:43:27,656 - INFO -  * Detected change in 'C:\\Users\\thiag\\OneDrive\\Documentos\\Lumína\\app\\routes\\professor.py', reloading
2025-06-30 04:43:27,690 - INFO -  * Detected change in 'C:\\Users\\thiag\\OneDrive\\Documentos\\Lumína\\app\\routes\\turma.py', reloading
2025-06-30 04:43:27,787 - INFO -  * Detected change in 'C:\\Users\\thiag\\OneDrive\\Documentos\\Lumína\\app\\routes\\usuario.py', reloading
2025-06-30 04:43:27,843 - INFO -  * Detected change in 'C:\\Users\\thiag\\OneDrive\\Documentos\\Lumína\\app\\test_app.py', reloading
2025-06-30 04:43:28,270 - INFO -  * Restarting with watchdog (windowsapi)
2025-06-30 04:43:29,550 - WARNING -  * Debugger is active!
2025-06-30 04:43:29,554 - INFO -  * Debugger PIN: 131-989-767
2025-06-30 13:15:14,777 - INFO -  * Detected change in 'C:\\Users\\thiag\\OneDrive\\Documentos\\Lumína\\app\\app.py', reloading
2025-06-30 13:15:14,802 - INFO -  * Detected change in 'C:\\Users\\thiag\\OneDrive\\Documentos\\Lumína\\app\\db.py', reloading
2025-06-30 13:15:14,835 - INFO -  * Detected change in 'C:\\Users\\thiag\\OneDrive\\Documentos\\Lumína\\app\\log_config.py', reloading
2025-06-30 13:15:14,878 - INFO -  * Detected change in 'C:\\Users\\thiag\\OneDrive\\Documentos\\Lumína\\app\\routes\\aluno.py', reloading
2025-06-30 13:15:14,955 - INFO -  * Detected change in 'C:\\Users\\thiag\\OneDrive\\Documentos\\Lumína\\app\\routes\\atividade_aluno.py', reloading
2025-06-30 13:15:14,988 - INFO -  * Detected change in 'C:\\Users\\thiag\\OneDrive\\Documentos\\Lumína\\app\\routes\\atividade.py', reloading
2025-06-30 13:15:15,028 - INFO -  * Detected change in 'C:\\Users\\thiag\\OneDrive\\Documentos\\Lumína\\app\\routes\\pagamento.py', reloading
2025-06-30 13:15:15,064 - INFO -  * Detected change in 'C:\\Users\\thiag\\OneDrive\\Documentos\\Lumína\\app\\routes\\presenca.py', reloading
2025-06-30 13:15:15,106 - INFO -  * Detected change in 'C:\\Users\\thiag\\OneDrive\\Documentos\\Lumína\\app\\routes\\professor.py', reloading
2025-06-30 13:15:15,137 - INFO -  * Detected change in 'C:\\Users\\thiag\\OneDrive\\Documentos\\Lumína\\app\\routes\\turma.py', reloading
2025-06-30 13:15:15,161 - INFO -  * Detected change in 'C:\\Users\\thiag\\OneDrive\\Documentos\\Lumína\\app\\routes\\usuario.py', reloading
2025-06-30 13:15:15,192 - INFO -  * Detected change in 'C:\\Users\\thiag\\OneDrive\\Documentos\\Lumína\\app\\test_app.py', reloading
2025-06-30 13:15:16,477 - INFO -  * Restarting with watchdog (windowsapi)
2025-06-30 13:15:20,545 - WARNING -  * Debugger is active!
2025-06-30 13:15:20,570 - INFO -  * Debugger PIN: 131-989-767
2025-06-30 13:52:48,778 - INFO -  * Detected change in 'C:\\Python312\\Lib\\site-packages\\flasgger\\__init__.py', reloading
2025-06-30 13:52:48,799 - INFO -  * Detected change in 'C:\\Python312\\Lib\\site-packages\\flasgger\\base.py', reloading
2025-06-30 13:52:48,903 - INFO -  * Detected change in 'C:\\Python312\\Lib\\site-packages\\flask\\__init__.py', reloading
2025-06-30 13:52:48,935 - INFO -  * Detected change in 'C:\\Python312\\Lib\\site-packages\\flask\\app.py', reloading
2025-06-30 13:52:49,050 - INFO -  * Detected change in 'C:\\Python312\\Lib\\site-packages\\flask\\scaffold.py', reloading
2025-06-30 13:52:49,163 - INFO -  * Detected change in 'C:\\Python312\\Lib\\site-packages\\flask\\sessions.py', reloading
2025-06-30 13:52:49,174 - INFO -  * Detected change in 'C:\\Python312\\Lib\\site-packages\\flask\\json\\tag.py', reloading
2025-06-30 13:52:49,213 - INFO -  * Detected change in 'C:\\Python312\\Lib\\site-packages\\werkzeug\\datastructures\\__init__.py', reloading
2025-06-30 13:52:49,477 - INFO -  * Restarting with watchdog (windowsapi)
2025-06-30 13:52:51,296 - WARNING -  * Debugger is active!
2025-06-30 13:52:51,302 - INFO -  * Debugger PIN: 131-989-767
2025-06-30 13:53:02,598 - INFO -  * Detected change in 'C:\\Python312\\Lib\\site-packages\\flask\\json\\__init__.py', reloading
2025-06-30 13:53:02,640 - INFO -  * Detected change in 'C:\\Python312\\Lib\\site-packages\\flask\\wrappers.py', reloading
2025-06-30 13:53:02,658 - INFO -  * Detected change in 'C:\\Python312\\Lib\\site-packages\\flask\\globals.py', reloading
2025-06-30 13:53:02,693 - INFO -  * Detected change in 'C:\\Python312\\Lib\\site-packages\\werkzeug\\wrappers\\request.py', reloading
2025-06-30 13:53:02,727 - INFO -  * Detected change in 'C:\\Python312\\Lib\\site-packages\\werkzeug\\sansio\\request.py', reloading
2025-06-30 13:53:02,758 - INFO -  * Detected change in 'C:\\Python312\\Lib\\site-packages\\flasgger\\utils.py', reloading
2025-06-30 13:53:03,612 - INFO -  * Restarting with watchdog (windowsapi)
2025-06-30 13:53:04,452 - WARNING -  * Debugger is active!
2025-06-30 13:53:04,457 - INFO -  * Debugger PIN: 131-989-767
2025-06-30 13:54:53,090 - INFO -  * Detected change in 'C:\\Users\\thiag\\OneDrive\\Documentos\\Lumína\\app\\routes\\aluno.py', reloading
2025-06-30 13:54:53,092 - INFO -  * Detected change in 'C:\\Users\\thiag\\OneDrive\\Documentos\\Lumína\\app\\routes\\aluno.py', reloading
2025-06-30 13:54:53,094 - INFO -  * Detected change in 'C:\\Users\\thiag\\OneDrive\\Documentos\\Lumína\\app\\routes\\aluno.py', reloading
2025-06-30 13:54:54,269 - INFO -  * Restarting with watchdog (windowsapi)
2025-06-30 13:54:55,729 - WARNING -  * Debugger is active!
2025-06-30 13:54:55,743 - INFO -  * Debugger PIN: 131-989-767
2025-06-30 13:54:56,712 - INFO -  * Detected change in 'C:\\Users\\thiag\\OneDrive\\Documentos\\Lumína\\app\\routes\\aluno.py', reloading
2025-06-30 13:54:56,965 - INFO -  * Restarting with watchdog (windowsapi)
2025-06-30 13:54:58,591 - WARNING -  * Debugger is active!
2025-06-30 13:54:58,594 - INFO -  * Debugger PIN: 131-989-767
2025-06-30 14:00:41,466 - INFO -  * Detected change in 'C:\\Users\\thiag\\OneDrive\\Documentos\\Lumína\\app\\routes\\aluno.py', reloading
2025-06-30 14:00:41,488 - INFO -  * Detected change in 'C:\\Users\\thiag\\OneDrive\\Documentos\\Lumína\\app\\routes\\aluno.py', reloading
2025-06-30 18:33:19,584 - INFO - [31m[1mWARNING: This is a development server. Do not use it in a production deployment. Use a production WSGI server instead.[0m
 * Running on all addresses (0.0.0.0)
 * Running on http://127.0.0.1:5000
 * Running on http://172.31.29.63:5000
2025-06-30 18:33:19,587 - INFO - [33mPress CTRL+C to quit[0m
2025-06-30 18:33:19,625 - INFO -  * Restarting with watchdog (windowsapi)
2025-06-30 18:33:20,365 - WARNING -  * Debugger is active!
2025-06-30 18:33:20,368 - INFO -  * Debugger PIN: 131-989-767
2025-06-30 18:35:20,267 - INFO -  * Detected change in 'C:\\Python312\\Lib\\site-packages\\pytest\\__init__.py', reloading
2025-06-30 18:35:20,361 - INFO -  * Detected change in 'C:\\Python312\\Lib\\unittest\\mock.py', reloading
2025-06-30 18:35:20,537 - INFO -  * Detected change in 'C:\\Python312\\Lib\\site-packages\\_pytest\\fixtures.py', reloading
2025-06-30 18:35:20,597 - INFO -  * Detected change in 'C:\\Python312\\Lib\\site-packages\\_pytest\\scope.py', reloading
2025-06-30 18:35:20,646 - INFO -  * Detected change in 'C:\\Python312\\Lib\\site-packages\\_pytest\\config\\__init__.py', reloading
2025-06-30 18:35:20,741 - INFO -  * Detected change in 'C:\\Python312\\Lib\\site-packages\\pluggy\\__init__.py', reloading
2025-06-30 18:35:20,765 - INFO -  * Detected change in 'C:\\Python312\\Lib\\site-packages\\pluggy\\_hooks.py', reloading
2025-06-30 18:35:20,829 - INFO -  * Detected change in 'C:\\Python312\\Lib\\site-packages\\flask\\testing.py', reloading
2025-06-30 18:35:20,861 - INFO -  * Detected change in 'C:\\Python312\\Lib\\site-packages\\werkzeug\\test.py', reloading
2025-06-30 18:35:21,212 - INFO -  * Restarting with watchdog (windowsapi)
2025-06-30 18:35:22,400 - WARNING -  * Debugger is active!
2025-06-30 18:35:22,403 - INFO -  * Debugger PIN: 131-989-767
2025-06-30 18:35:22,641 - INFO -  * Detected change in 'C:\\Python312\\Lib\\site-packages\\_pytest\\_code\\source.py', reloading
2025-06-30 18:35:22,765 - INFO -  * Detected change in 'C:\\Python312\\Lib\\site-packages\\_pytest\\assertion\\__init__.py', reloading
2025-06-30 18:35:22,828 - INFO -  * Detected change in 'C:\\Python312\\Lib\\site-packages\\_pytest\\nodes.py', reloading
2025-06-30 18:35:22,911 - INFO -  * Detected change in 'C:\\Python312\\Lib\\site-packages\\_pytest\\assertion\\rewrite.py', reloading
2025-06-30 18:35:22,969 - INFO -  * Detected change in 'C:\\Python312\\Lib\\site-packages\\_pytest\\stash.py', reloading
2025-06-30 18:35:22,990 - INFO -  * Detected change in 'C:\\Python312\\Lib\\site-packages\\_pytest\\assertion\\truncate.py', reloading
2025-06-30 18:35:23,026 - INFO -  * Detected change in 'C:\\Python312\\Lib\\site-packages\\_pytest\\assertion\\util.py', reloading
2025-06-30 18:35:23,097 - INFO -  * Detected change in 'C:\\Python312\\Lib\\site-packages\\_pytest\\config\\argparsing.py', reloading
2025-06-30 18:35:23,170 - INFO -  * Detected change in 'C:\\Python312\\Lib\\site-packages\\_pytest\\mark\\structures.py', reloading
2025-06-30 18:35:23,219 - INFO -  * Detected change in 'C:\\Python312\\Lib\\site-packages\\_pytest\\compat.py', reloading
2025-06-30 18:35:23,245 - INFO -  * Detected change in 'C:\\Python312\\Lib\\site-packages\\py.py', reloading
2025-06-30 18:35:23,287 - INFO -  * Detected change in 'C:\\Python312\\Lib\\site-packages\\_pytest\\_py\\path.py', reloading
2025-06-30 18:35:23,374 - INFO -  * Detected change in 'C:\\Python312\\Lib\\site-packages\\_pytest\\main.py', reloading
2025-06-30 18:35:23,549 - INFO -  * Restarting with watchdog (windowsapi)
2025-06-30 18:35:24,389 - WARNING -  * Debugger is active!
2025-06-30 18:35:24,396 - INFO -  * Debugger PIN: 131-989-767
2025-06-30 19:47:25,065 - INFO - [31m[1mWARNING: This is a development server. Do not use it in a production deployment. Use a production WSGI server instead.[0m
 * Running on all addresses (0.0.0.0)
 * Running on http://127.0.0.1:5000
 * Running on http://172.31.29.63:5000
2025-06-30 19:47:25,072 - INFO - [33mPress CTRL+C to quit[0m
2025-06-30 19:47:25,107 - INFO -  * Restarting with watchdog (windowsapi)
2025-06-30 19:47:26,052 - WARNING -  * Debugger is active!
